<?xml version="1.0" encoding="UTF-8"?>
<!-- Generated by org.testng.reporters.JUnitXMLReporter -->
<testsuite ignored="2" hostname="DESKTOP-GO5J5M6" failures="1" tests="1" name="BAA_02-0" time="45.509" errors="0" timestamp="2023-12-18T11:33:17 CST">
  <testcase classname="casesPack.MainRunClass" name="BAA_02" time="11.473">
    <failure type="org.openqa.selenium.NoSuchElementException" message="An element could not be located on the page using the given search parameters.
For documentation on this error, please visit: https://www.selenium.dev/documentation/webdriver/troubleshooting/errors#no-such-element-exception
Build info: version: &amp;apos;4.13.0&amp;apos;, revision: &amp;apos;ba948ece5b*&amp;apos;
System info: os.name: &amp;apos;Windows 11&amp;apos;, os.arch: &amp;apos;amd64&amp;apos;, os.version: &amp;apos;10.0&amp;apos;, java.version: &amp;apos;17.0.9&amp;apos;
Driver info: io.appium.java_client.android.AndroidDriver
Command: [d1a6b95e751844e624f0b8610e6c74d08d9a78e2, findElement {using=id, value=buttonAddTrans}]
Capabilities {appium:Project: api demo app automation, appium:appActivity: marcusobyrne.bankingapp.Mai..., appium:appPackage: marcusobyrne.bankingapp, appium:automationName: uiautomator2, appium:chromedriverPort: 18080, appium:chromedriverPorts: [[18100, 18110]], appium:databaseEnabled: false, appium:desired: {Project: api demo app automation, appActivity: marcusobyrne.bankingapp.Mai..., appPackage: marcusobyrne.bankingapp, automationName: uiautomator2, bstack:options: {appiumVersion: 1.17.0, buildIdentifier: #18-Dec-11:32, hostName: DESKTOP-GO5J5M6, localIdentifier: 18_Dec_1132_DESKTOP_GO5J5M6..., seleniumVersion: 4.13.0}, chromedriverPort: 18080, chromedriverPorts: [[18100, 18110]], deviceName: Android, disableSuppressAccessibilityService: true, goog:chromeOptions: {}, name: capstone test, nativeWebScreenshot: true, newCommandTimeout: 0, platformName: Android, skipServerInstallation: true, systemPort: 8200, udid: 1B241FDEE006V7}, appium:deviceApiLevel: 31, appium:deviceManufacturer: Google, appium:deviceModel: Pixel 6 Pro, appium:deviceName: 1B241FDEE006V7, appium:deviceScreenDensity: 560, appium:deviceScreenSize: 1440x3120, appium:deviceUDID: 1B241FDEE006V7, appium:disableSuppressAccessibilityService: true, appium:javascriptEnabled: true, appium:locationContextEnabled: false, appium:name: capstone test, appium:nativeWebScreenshot: true, appium:networkConnectionEnabled: true, appium:newCommandTimeout: 0, appium:optimalHubUrl: hub-apse.browserstack.com, appium:pixelRatio: 3.5, appium:platformVersion: 12, appium:skipServerInstallation: true, appium:statBarHeight: 145, appium:systemPort: 8200, appium:takesScreenshot: true, appium:udid: 1B241FDEE006V7, appium:viewportRect: {height: 2789, left: 0, top: 145, width: 1440}, appium:warnings: {}, appium:webStorageEnabled: false, bstack:options: {appiumVersion: 1.17.0, buildIdentifier: #18-Dec-11:32, hostName: DESKTOP-GO5J5M6, localIdentifier: 18_Dec_1132_DESKTOP_GO5J5M6..., seleniumVersion: 4.13.0}, goog:chromeOptions: {}, platformName: ANDROID}
Session ID: d1a6b95e751844e624f0b8610e6c74d08d9a78e2">
      <![CDATA[org.openqa.selenium.NoSuchElementException: An element could not be located on the page using the given search parameters.
For documentation on this error, please visit: https://www.selenium.dev/documentation/webdriver/troubleshooting/errors#no-such-element-exception
Build info: version: '4.13.0', revision: 'ba948ece5b*'
System info: os.name: 'Windows 11', os.arch: 'amd64', os.version: '10.0', java.version: '17.0.9'
Driver info: io.appium.java_client.android.AndroidDriver
Command: [d1a6b95e751844e624f0b8610e6c74d08d9a78e2, findElement {using=id, value=buttonAddTrans}]
Capabilities {appium:Project: api demo app automation, appium:appActivity: marcusobyrne.bankingapp.Mai..., appium:appPackage: marcusobyrne.bankingapp, appium:automationName: uiautomator2, appium:chromedriverPort: 18080, appium:chromedriverPorts: [[18100, 18110]], appium:databaseEnabled: false, appium:desired: {Project: api demo app automation, appActivity: marcusobyrne.bankingapp.Mai..., appPackage: marcusobyrne.bankingapp, automationName: uiautomator2, bstack:options: {appiumVersion: 1.17.0, buildIdentifier: #18-Dec-11:32, hostName: DESKTOP-GO5J5M6, localIdentifier: 18_Dec_1132_DESKTOP_GO5J5M6..., seleniumVersion: 4.13.0}, chromedriverPort: 18080, chromedriverPorts: [[18100, 18110]], deviceName: Android, disableSuppressAccessibilityService: true, goog:chromeOptions: {}, name: capstone test, nativeWebScreenshot: true, newCommandTimeout: 0, platformName: Android, skipServerInstallation: true, systemPort: 8200, udid: 1B241FDEE006V7}, appium:deviceApiLevel: 31, appium:deviceManufacturer: Google, appium:deviceModel: Pixel 6 Pro, appium:deviceName: 1B241FDEE006V7, appium:deviceScreenDensity: 560, appium:deviceScreenSize: 1440x3120, appium:deviceUDID: 1B241FDEE006V7, appium:disableSuppressAccessibilityService: true, appium:javascriptEnabled: true, appium:locationContextEnabled: false, appium:name: capstone test, appium:nativeWebScreenshot: true, appium:networkConnectionEnabled: true, appium:newCommandTimeout: 0, appium:optimalHubUrl: hub-apse.browserstack.com, appium:pixelRatio: 3.5, appium:platformVersion: 12, appium:skipServerInstallation: true, appium:statBarHeight: 145, appium:systemPort: 8200, appium:takesScreenshot: true, appium:udid: 1B241FDEE006V7, appium:viewportRect: {height: 2789, left: 0, top: 145, width: 1440}, appium:warnings: {}, appium:webStorageEnabled: false, bstack:options: {appiumVersion: 1.17.0, buildIdentifier: #18-Dec-11:32, hostName: DESKTOP-GO5J5M6, localIdentifier: 18_Dec_1132_DESKTOP_GO5J5M6..., seleniumVersion: 4.13.0}, goog:chromeOptions: {}, platformName: ANDROID}
Session ID: d1a6b95e751844e624f0b8610e6c74d08d9a78e2
at org.openqa.selenium.remote.codec.w3c.W3CHttpResponseCodec.createException(W3CHttpResponseCodec.java:200)
at org.openqa.selenium.remote.codec.w3c.W3CHttpResponseCodec.decode(W3CHttpResponseCodec.java:133)
at org.openqa.selenium.remote.codec.w3c.W3CHttpResponseCodec.decode(W3CHttpResponseCodec.java:52)
at org.openqa.selenium.remote.HttpCommandExecutor.execute(HttpCommandExecutor.java:191)
at io.appium.java_client.remote.AppiumCommandExecutor.execute(AppiumCommandExecutor.java:262)
at org.openqa.selenium.remote.RemoteWebDriver.execute(RemoteWebDriver.java:602)
at org.openqa.selenium.remote.ElementLocation$ElementFinder$2.findElement(ElementLocation.java:165)
at org.openqa.selenium.remote.ElementLocation.findElement(ElementLocation.java:59)
at org.openqa.selenium.remote.RemoteWebDriver.findElement(RemoteWebDriver.java:359)
at org.openqa.selenium.remote.RemoteWebDriver.findElement(RemoteWebDriver.java:353)
at callPack.BaseMethods.clickElement(BaseMethods.java:79)
at casesPack.MainRunClass.BAA_02(MainRunClass.java:136)
at java.base/java.util.ArrayList.forEach(ArrayList.java:1511)
at java.base/java.util.concurrent.FutureTask.run(FutureTask.java:264)
at java.base/java.util.concurrent.ThreadPoolExecutor.runWorker(ThreadPoolExecutor.java:1136)
at java.base/java.util.concurrent.ThreadPoolExecutor$Worker.run(ThreadPoolExecutor.java:635)
at java.base/java.lang.Thread.run(Thread.java:842)
... Removed 23 stack frames]]>
    </failure>
  </testcase> <!-- BAA_02 -->
  <testcase classname="casesPack.MainRunClass" name="BAA_03" time="0.0">
    <ignored/>
  </testcase> <!-- BAA_03 -->
  <testcase classname="casesPack.MainRunClass" name="BAA_01" time="0.0">
    <ignored/>
  </testcase> <!-- BAA_01 -->
</testsuite> <!-- BAA_02-0 -->
