<html>
<head>
<title>TestNG:  BAA_02-0</title>
<link href="../testng.css" rel="stylesheet" type="text/css" />
<link href="../my-testng.css" rel="stylesheet" type="text/css" />

<style type="text/css">
.log { display: none;} 
.stack-trace { display: none;} 
</style>
<script type="text/javascript">
<!--
function flip(e) {
  current = e.style.display;
  if (current == 'block') {
    e.style.display = 'none';
    return 0;
  }
  else {
    e.style.display = 'block';
    return 1;
  }
}

function toggleBox(szDivId, elem, msg1, msg2)
{
  var res = -1;  if (document.getElementById) {
    res = flip(document.getElementById(szDivId));
  }
  else if (document.all) {
    // this is the way old msie versions work
    res = flip(document.all[szDivId]);
  }
  if(elem) {
    if(res == 0) elem.innerHTML = msg1; else elem.innerHTML = msg2;
  }

}

function toggleAllBoxes() {
  if (document.getElementsByTagName) {
    d = document.getElementsByTagName('div');
    for (i = 0; i < d.length; i++) {
      if (d[i].className == 'log') {
        flip(d[i]);
      }
    }
  }
}

// -->
</script>

</head>
<body>
<h2 align='center'>BAA_02-0</h2><table border='1' align="center">
<tr>
<td>Tests passed/Failed/Skipped:</td><td>0/1/0</td>
</tr><tr>
<td>Started on:</td><td>Mon Dec 18 11:32:32 CST 2023</td>
</tr>
<tr><td>Total time:</td><td>45 seconds (45509 ms)</td>
</tr><tr>
<td>Included groups:</td><td></td>
</tr><tr>
<td>Excluded groups:</td><td></td>
</tr>
</table><p/>
<small><i>(Hover the method name to see the test class name)</i></small><p/>
<table width='100%' border='1' class='invocation-failed'>
<tr><td colspan='4' align='center'><b>FAILED TESTS</b></td></tr>
<tr><td><b>Test method</b></td>
<td width="30%"><b>Exception</b></td>
<td width="10%"><b>Time (seconds)</b></td>
<td><b>Instance</b></td>
</tr>
<tr>
<td title='casesPack.MainRunClass.BAA_02()'><b>BAA_02</b><br>Test class: casesPack.MainRunClass</td>
<td><div><pre>org.openqa.selenium.NoSuchElementException: An element could not be located on the page using the given search parameters.
For documentation on this error, please visit: https://www.selenium.dev/documentation/webdriver/troubleshooting/errors#no-such-element-exception
Build info: version: &apos;4.13.0&apos;, revision: &apos;ba948ece5b*&apos;
System info: os.name: &apos;Windows 11&apos;, os.arch: &apos;amd64&apos;, os.version: &apos;10.0&apos;, java.version: &apos;17.0.9&apos;
Driver info: io.appium.java_client.android.AndroidDriver
Command: [d1a6b95e751844e624f0b8610e6c74d08d9a78e2, findElement {using=id, value=buttonAddTrans}]
Capabilities {appium:Project: api demo app automation, appium:appActivity: marcusobyrne.bankingapp.Mai..., appium:appPackage: marcusobyrne.bankingapp, appium:automationName: uiautomator2, appium:chromedriverPort: 18080, appium:chromedriverPorts: [[18100, 18110]], appium:databaseEnabled: false, appium:desired: {Project: api demo app automation, appActivity: marcusobyrne.bankingapp.Mai..., appPackage: marcusobyrne.bankingapp, automationName: uiautomator2, bstack:options: {appiumVersion: 1.17.0, buildIdentifier: #18-Dec-11:32, hostName: DESKTOP-GO5J5M6, localIdentifier: 18_Dec_1132_DESKTOP_GO5J5M6..., seleniumVersion: 4.13.0}, chromedriverPort: 18080, chromedriverPorts: [[18100, 18110]], deviceName: Android, disableSuppressAccessibilityService: true, goog:chromeOptions: {}, name: capstone test, nativeWebScreenshot: true, newCommandTimeout: 0, platformName: Android, skipServerInstallation: true, systemPort: 8200, udid: 1B241FDEE006V7}, appium:deviceApiLevel: 31, appium:deviceManufacturer: Google, appium:deviceModel: Pixel 6 Pro, appium:deviceName: 1B241FDEE006V7, appium:deviceScreenDensity: 560, appium:deviceScreenSize: 1440x3120, appium:deviceUDID: 1B241FDEE006V7, appium:disableSuppressAccessibilityService: true, appium:javascriptEnabled: true, appium:locationContextEnabled: false, appium:name: capstone test, appium:nativeWebScreenshot: true, appium:networkConnectionEnabled: true, appium:newCommandTimeout: 0, appium:optimalHubUrl: hub-apse.browserstack.com, appium:pixelRatio: 3.5, appium:platformVersion: 12, appium:skipServerInstallation: true, appium:statBarHeight: 145, appium:systemPort: 8200, appium:takesScreenshot: true, appium:udid: 1B241FDEE006V7, appium:viewportRect: {height: 2789, left: 0, top: 145, width: 1440}, appium:warnings: {}, appium:webStorageEnabled: false, bstack:options: {appiumVersion: 1.17.0, buildIdentifier: #18-Dec-11:32, hostName: DESKTOP-GO5J5M6, localIdentifier: 18_Dec_1132_DESKTOP_GO5J5M6..., seleniumVersion: 4.13.0}, goog:chromeOptions: {}, platformName: ANDROID}
Session ID: d1a6b95e751844e624f0b8610e6c74d08d9a78e2
	at org.openqa.selenium.remote.codec.w3c.W3CHttpResponseCodec.createException(W3CHttpResponseCodec.java:200)
	at org.openqa.selenium.remote.codec.w3c.W3CHttpResponseCodec.decode(W3CHttpResponseCodec.java:133)
	at org.openqa.selenium.remote.codec.w3c.W3CHttpResponseCodec.decode(W3CHttpResponseCodec.java:52)
	at org.openqa.selenium.remote.HttpCommandExecutor.execute(HttpCommandExecutor.java:191)
	at io.appium.java_client.remote.AppiumCommandExecutor.execute(AppiumCommandExecutor.java:262)
	at org.openqa.selenium.remote.RemoteWebDriver.execute(RemoteWebDriver.java:602)
	at org.openqa.selenium.remote.ElementLocation$ElementFinder$2.findElement(ElementLocation.java:165)
	at org.openqa.selenium.remote.ElementLocation.findElement(ElementLocation.java:59)
	at org.openqa.selenium.remote.RemoteWebDriver.findElement(RemoteWebDriver.java:359)
	at org.openqa.selenium.remote.RemoteWebDriver.findElement(RemoteWebDriver.java:353)
	at callPack.BaseMethods.clickElement(BaseMethods.java:79)
	at casesPack.MainRunClass.BAA_02(MainRunClass.java:136)
	at java.base/java.util.ArrayList.forEach(ArrayList.java:1511)
	at java.base/java.util.concurrent.FutureTask.run(FutureTask.java:264)
	at java.base/java.util.concurrent.ThreadPoolExecutor.runWorker(ThreadPoolExecutor.java:1136)
	at java.base/java.util.concurrent.ThreadPoolExecutor$Worker.run(ThreadPoolExecutor.java:635)
	at java.base/java.lang.Thread.run(Thread.java:842)
... Removed 23 stack frames</pre></div><a href='#' onClick='toggleBox("stack-trace1809991324", this, "Click to show all stack frames", "Click to hide stack frames")'>Click to show all stack frames</a>
<div class='stack-trace' id='stack-trace1809991324'><pre>org.openqa.selenium.NoSuchElementException: An element could not be located on the page using the given search parameters.
For documentation on this error, please visit: https://www.selenium.dev/documentation/webdriver/troubleshooting/errors#no-such-element-exception
Build info: version: &apos;4.13.0&apos;, revision: &apos;ba948ece5b*&apos;
System info: os.name: &apos;Windows 11&apos;, os.arch: &apos;amd64&apos;, os.version: &apos;10.0&apos;, java.version: &apos;17.0.9&apos;
Driver info: io.appium.java_client.android.AndroidDriver
Command: [d1a6b95e751844e624f0b8610e6c74d08d9a78e2, findElement {using=id, value=buttonAddTrans}]
Capabilities {appium:Project: api demo app automation, appium:appActivity: marcusobyrne.bankingapp.Mai..., appium:appPackage: marcusobyrne.bankingapp, appium:automationName: uiautomator2, appium:chromedriverPort: 18080, appium:chromedriverPorts: [[18100, 18110]], appium:databaseEnabled: false, appium:desired: {Project: api demo app automation, appActivity: marcusobyrne.bankingapp.Mai..., appPackage: marcusobyrne.bankingapp, automationName: uiautomator2, bstack:options: {appiumVersion: 1.17.0, buildIdentifier: #18-Dec-11:32, hostName: DESKTOP-GO5J5M6, localIdentifier: 18_Dec_1132_DESKTOP_GO5J5M6..., seleniumVersion: 4.13.0}, chromedriverPort: 18080, chromedriverPorts: [[18100, 18110]], deviceName: Android, disableSuppressAccessibilityService: true, goog:chromeOptions: {}, name: capstone test, nativeWebScreenshot: true, newCommandTimeout: 0, platformName: Android, skipServerInstallation: true, systemPort: 8200, udid: 1B241FDEE006V7}, appium:deviceApiLevel: 31, appium:deviceManufacturer: Google, appium:deviceModel: Pixel 6 Pro, appium:deviceName: 1B241FDEE006V7, appium:deviceScreenDensity: 560, appium:deviceScreenSize: 1440x3120, appium:deviceUDID: 1B241FDEE006V7, appium:disableSuppressAccessibilityService: true, appium:javascriptEnabled: true, appium:locationContextEnabled: false, appium:name: capstone test, appium:nativeWebScreenshot: true, appium:networkConnectionEnabled: true, appium:newCommandTimeout: 0, appium:optimalHubUrl: hub-apse.browserstack.com, appium:pixelRatio: 3.5, appium:platformVersion: 12, appium:skipServerInstallation: true, appium:statBarHeight: 145, appium:systemPort: 8200, appium:takesScreenshot: true, appium:udid: 1B241FDEE006V7, appium:viewportRect: {height: 2789, left: 0, top: 145, width: 1440}, appium:warnings: {}, appium:webStorageEnabled: false, bstack:options: {appiumVersion: 1.17.0, buildIdentifier: #18-Dec-11:32, hostName: DESKTOP-GO5J5M6, localIdentifier: 18_Dec_1132_DESKTOP_GO5J5M6..., seleniumVersion: 4.13.0}, goog:chromeOptions: {}, platformName: ANDROID}
Session ID: d1a6b95e751844e624f0b8610e6c74d08d9a78e2
	at java.base/jdk.internal.reflect.NativeConstructorAccessorImpl.newInstance0(Native Method)
	at java.base/jdk.internal.reflect.NativeConstructorAccessorImpl.newInstance(NativeConstructorAccessorImpl.java:77)
	at java.base/jdk.internal.reflect.DelegatingConstructorAccessorImpl.newInstance(DelegatingConstructorAccessorImpl.java:45)
	at java.base/java.lang.reflect.Constructor.newInstanceWithCaller(Constructor.java:499)
	at java.base/java.lang.reflect.Constructor.newInstance(Constructor.java:480)
	at org.openqa.selenium.remote.codec.w3c.W3CHttpResponseCodec.createException(W3CHttpResponseCodec.java:200)
	at org.openqa.selenium.remote.codec.w3c.W3CHttpResponseCodec.decode(W3CHttpResponseCodec.java:133)
	at org.openqa.selenium.remote.codec.w3c.W3CHttpResponseCodec.decode(W3CHttpResponseCodec.java:52)
	at org.openqa.selenium.remote.HttpCommandExecutor.execute(HttpCommandExecutor.java:191)
	at io.appium.java_client.remote.AppiumCommandExecutor.execute(AppiumCommandExecutor.java:262)
	at org.openqa.selenium.remote.RemoteWebDriver.execute(RemoteWebDriver.java:602)
	at org.openqa.selenium.remote.ElementLocation$ElementFinder$2.findElement(ElementLocation.java:165)
	at org.openqa.selenium.remote.ElementLocation.findElement(ElementLocation.java:59)
	at org.openqa.selenium.remote.RemoteWebDriver.findElement(RemoteWebDriver.java:359)
	at org.openqa.selenium.remote.RemoteWebDriver.findElement(RemoteWebDriver.java:353)
	at callPack.BaseMethods.clickElement(BaseMethods.java:79)
	at casesPack.MainRunClass.BAA_02(MainRunClass.java:136)
	at java.base/jdk.internal.reflect.NativeMethodAccessorImpl.invoke0(Native Method)
	at java.base/jdk.internal.reflect.NativeMethodAccessorImpl.invoke(NativeMethodAccessorImpl.java:77)
	at java.base/jdk.internal.reflect.DelegatingMethodAccessorImpl.invoke(DelegatingMethodAccessorImpl.java:43)
	at java.base/java.lang.reflect.Method.invoke(Method.java:568)
	at org.testng.internal.invokers.MethodInvocationHelper.invokeMethod(MethodInvocationHelper.java:135)
	at org.testng.internal.invokers.TestInvoker.invokeMethod(TestInvoker.java:673)
	at org.testng.internal.invokers.TestInvoker.invokeTestMethod(TestInvoker.java:220)
	at org.testng.internal.invokers.MethodRunner.runInSequence(MethodRunner.java:50)
	at org.testng.internal.invokers.TestInvoker$MethodInvocationAgent.invoke(TestInvoker.java:945)
	at org.testng.internal.invokers.TestInvoker.invokeTestMethods(TestInvoker.java:193)
	at org.testng.internal.invokers.TestMethodWorker.invokeTestMethods(TestMethodWorker.java:146)
	at org.testng.internal.invokers.TestMethodWorker.run(TestMethodWorker.java:128)
	at java.base/java.util.ArrayList.forEach(ArrayList.java:1511)
	at org.testng.TestRunner.privateRun(TestRunner.java:808)
	at org.testng.TestRunner.run(TestRunner.java:603)
	at org.testng.SuiteRunner.runTest(SuiteRunner.java:429)
	at org.testng.SuiteRunner.access$000(SuiteRunner.java:32)
	at org.testng.SuiteRunner$SuiteWorker.run(SuiteRunner.java:467)
	at org.testng.internal.thread.ThreadUtil.lambda$execute$0(ThreadUtil.java:58)
	at java.base/java.util.concurrent.FutureTask.run(FutureTask.java:264)
	at java.base/java.util.concurrent.ThreadPoolExecutor.runWorker(ThreadPoolExecutor.java:1136)
	at java.base/java.util.concurrent.ThreadPoolExecutor$Worker.run(ThreadPoolExecutor.java:635)
	at java.base/java.lang.Thread.run(Thread.java:842)
</pre></div></td>
<td>11</td>
<td>casesPack.MainRunClass@a567e72</td></tr>
</table><p>
</body>
</html>