<?xml version="1.0" encoding="UTF-8"?>
<testng-results ignored="6" total="10" passed="3" failed="1" skipped="0">
  <reporter-output>
  </reporter-output>
  <suite started-at="2023-12-27T09:22:15 CST" name="CapstoneSuite" finished-at="2023-12-27T09:24:53 CST" duration-ms="158332">
    <groups>
    </groups>
    <test started-at="2023-12-27T09:22:15 CST" name="Capstone_Test-0" finished-at="2023-12-27T09:24:53 CST" duration-ms="158332">
      <class name="casesPack.BAA_03">
        <test-method is-config="true" signature="setUp()[pri:0, instance:casesPack.BAA_03@12968227]" started-at="2023-12-27T09:22:15 CST" name="setUp" finished-at="2023-12-27T09:22:40 CST" duration-ms="24749" status="PASS">
          <reporter-output>
          </reporter-output>
        </test-method> <!-- setUp -->
        <test-method is-config="true" signature="setUpWorkfiles()[pri:0, instance:casesPack.BAA_03@12968227]" started-at="2023-12-27T09:22:40 CST" name="setUpWorkfiles" finished-at="2023-12-27T09:22:41 CST" duration-ms="1139" status="PASS">
          <reporter-output>
          </reporter-output>
        </test-method> <!-- setUpWorkfiles -->
        <test-method is-config="true" signature="resetFlag()[pri:0, instance:casesPack.BAA_03@12968227]" started-at="2023-12-27T09:22:41 CST" name="resetFlag" finished-at="2023-12-27T09:22:42 CST" duration-ms="950" status="PASS">
          <reporter-output>
          </reporter-output>
        </test-method> <!-- resetFlag -->
        <test-method signature="BAA03()[pri:3, instance:casesPack.BAA_03@12968227]" started-at="2023-12-27T09:22:42 CST" name="BAA03" finished-at="2023-12-27T09:23:45 CST" duration-ms="62963" status="PASS">
          <reporter-output>
          </reporter-output>
        </test-method> <!-- BAA03 -->
        <test-method is-config="true" signature="afterMethod(org.testng.ITestResult)[pri:0, instance:casesPack.BAA_03@12968227]" started-at="2023-12-27T09:23:49 CST" name="afterMethod" finished-at="2023-12-27T09:23:49 CST" duration-ms="789" status="PASS">
          <params>
            <param index="0">
              <value>
                <![CDATA[[TestResult name=BAA03 status=SUCCESS method=BAA_03.BAA03()[pri:3, instance:casesPack.BAA_03@12968227] output={null}]]]>
              </value>
            </param>
          </params>
          <reporter-output>
          </reporter-output>
        </test-method> <!-- afterMethod -->
      </class> <!-- casesPack.BAA_03 -->
      <class name="casesPack.BAA_01">
        <test-method is-config="true" signature="setupReport()[pri:0, instance:casesPack.BAA_01@4422dd48]" started-at="2023-12-27T09:22:14 CST" name="setupReport" finished-at="2023-12-27T09:22:15 CST" duration-ms="1170" status="PASS">
          <reporter-output>
          </reporter-output>
        </test-method> <!-- setupReport -->
        <test-method is-config="true" signature="setUp()[pri:0, instance:casesPack.BAA_01@4422dd48]" started-at="2023-12-27T09:22:15 CST" name="setUp" finished-at="2023-12-27T09:22:39 CST" duration-ms="23984" status="PASS">
          <reporter-output>
          </reporter-output>
        </test-method> <!-- setUp -->
        <test-method is-config="true" signature="setUpWorkfiles()[pri:0, instance:casesPack.BAA_01@4422dd48]" started-at="2023-12-27T09:22:39 CST" name="setUpWorkfiles" finished-at="2023-12-27T09:22:41 CST" duration-ms="1905" status="PASS">
          <reporter-output>
          </reporter-output>
        </test-method> <!-- setUpWorkfiles -->
        <test-method is-config="true" signature="resetFlag()[pri:0, instance:casesPack.BAA_01@4422dd48]" started-at="2023-12-27T09:22:41 CST" name="resetFlag" finished-at="2023-12-27T09:22:42 CST" duration-ms="970" status="PASS">
          <reporter-output>
          </reporter-output>
        </test-method> <!-- resetFlag -->
        <test-method signature="BAA01()[pri:1, instance:casesPack.BAA_01@4422dd48]" started-at="2023-12-27T09:22:42 CST" name="BAA01" finished-at="2023-12-27T09:24:04 CST" duration-ms="82354" status="PASS">
          <reporter-output>
          </reporter-output>
        </test-method> <!-- BAA01 -->
        <test-method is-config="true" signature="afterMethod(org.testng.ITestResult)[pri:0, instance:casesPack.BAA_01@4422dd48]" started-at="2023-12-27T09:24:08 CST" name="afterMethod" finished-at="2023-12-27T09:24:09 CST" duration-ms="755" status="PASS">
          <params>
            <param index="0">
              <value>
                <![CDATA[[TestResult name=BAA01 status=SUCCESS method=BAA_01.BAA01()[pri:1, instance:casesPack.BAA_01@4422dd48] output={null}]]]>
              </value>
            </param>
          </params>
          <reporter-output>
          </reporter-output>
        </test-method> <!-- afterMethod -->
        <test-method is-config="true" signature="resetFlag()[pri:0, instance:casesPack.BAA_01@4422dd48]" started-at="2023-12-27T09:24:10 CST" name="resetFlag" finished-at="2023-12-27T09:24:10 CST" duration-ms="754" status="PASS">
          <reporter-output>
          </reporter-output>
        </test-method> <!-- resetFlag -->
        <test-method signature="BAA02()[pri:2, instance:casesPack.BAA_01@4422dd48]" started-at="2023-12-27T09:24:10 CST" name="BAA02" finished-at="2023-12-27T09:24:45 CST" duration-ms="34751" status="PASS">
          <reporter-output>
          </reporter-output>
        </test-method> <!-- BAA02 -->
        <test-method is-config="true" signature="afterMethod(org.testng.ITestResult)[pri:0, instance:casesPack.BAA_01@4422dd48]" started-at="2023-12-27T09:24:51 CST" name="afterMethod" finished-at="2023-12-27T09:24:52 CST" duration-ms="970" status="PASS">
          <params>
            <param index="0">
              <value>
                <![CDATA[[TestResult name=BAA02 status=SUCCESS method=BAA_01.BAA02()[pri:2, instance:casesPack.BAA_01@4422dd48] output={null}]]]>
              </value>
            </param>
          </params>
          <reporter-output>
          </reporter-output>
        </test-method> <!-- afterMethod -->
        <test-method is-config="true" signature="endTest()[pri:0, instance:casesPack.BAA_01@4422dd48]" started-at="2023-12-27T09:24:53 CST" name="endTest" finished-at="2023-12-27T09:24:54 CST" duration-ms="1166" status="PASS">
          <reporter-output>
          </reporter-output>
        </test-method> <!-- endTest -->
        <test-method is-config="true" signature="tearDown()[pri:0, instance:casesPack.BAA_01@4422dd48]" started-at="2023-12-27T09:24:55 CST" name="tearDown" finished-at="2023-12-27T09:24:56 CST" duration-ms="734" status="PASS">
          <reporter-output>
          </reporter-output>
        </test-method> <!-- tearDown -->
      </class> <!-- casesPack.BAA_01 -->
      <class name="casesPack.BAA_02">
        <test-method is-config="true" signature="setUp()[pri:0, instance:casesPack.BAA_02@1a87b51]" started-at="2023-12-27T09:22:15 CST" name="setUp" finished-at="2023-12-27T09:22:39 CST" duration-ms="23927" status="PASS">
          <reporter-output>
          </reporter-output>
        </test-method> <!-- setUp -->
        <test-method is-config="true" signature="setUpWorkfiles()[pri:0, instance:casesPack.BAA_02@1a87b51]" started-at="2023-12-27T09:22:39 CST" name="setUpWorkfiles" finished-at="2023-12-27T09:22:41 CST" duration-ms="1961" status="PASS">
          <reporter-output>
          </reporter-output>
        </test-method> <!-- setUpWorkfiles -->
        <test-method is-config="true" signature="resetFlag()[pri:0, instance:casesPack.BAA_02@1a87b51]" started-at="2023-12-27T09:22:41 CST" name="resetFlag" finished-at="2023-12-27T09:22:42 CST" duration-ms="969" status="PASS">
          <reporter-output>
          </reporter-output>
        </test-method> <!-- resetFlag -->
        <test-method signature="main()[pri:0, instance:casesPack.BAA_02@1a87b51]" started-at="2023-12-27T09:22:42 CST" name="main" finished-at="2023-12-27T09:22:56 CST" duration-ms="14253" status="FAIL">
          <exception class="org.openqa.selenium.NoSuchElementException">
            <message>
              <![CDATA[An element could not be located on the page using the given search parameters.
For documentation on this error, please visit: https://www.selenium.dev/documentation/webdriver/troubleshooting/errors#no-such-element-exception
Build info: version: '4.13.0', revision: 'ba948ece5b*'
System info: os.name: 'Windows 11', os.arch: 'amd64', os.version: '10.0', java.version: '17.0.9'
Driver info: io.appium.java_client.android.AndroidDriver
Command: [2a9def3ee892cd40d46846f1cf91eca02496c529, findElement {using=id, value=buttonAddTrans}]
Capabilities {appium:appActivity: marcusobyrne.bankingapp.Mai..., appium:appPackage: marcusobyrne.bankingapp, appium:automationName: uiautomator2, appium:browserstack.networklogs: true, appium:build: jenkins-capstoneprojectkae-947, appium:chromedriverPort: 18083, appium:chromedriverPorts: [[18133, 18143]], appium:databaseEnabled: false, appium:desired: {appActivity: marcusobyrne.bankingapp.Mai..., appPackage: marcusobyrne.bankingapp, automationName: uiautomator2, browserstack.networklogs: true, bstack:options: {appiumVersion: 1.17.0, hostName: DESKTOP-GO5J5M6, localIdentifier: 27_Dec_921_DESKTOP_GO5J5M6_..., seleniumVersion: 4.13.0}, build: jenkins-capstoneprojectkae-947, chromedriverPort: 18083, chromedriverPorts: [[18133, 18143]], deviceName: Android, disableSuppressAccessibilityService: true, goog:chromeOptions: {}, nativeWebScreenshot: true, newCommandTimeout: 0, platformName: Android, skipServerInstallation: true, systemPort: 8203, udid: R5CRA1LCP0M}, appium:deviceApiLevel: 31, appium:deviceManufacturer: samsung, appium:deviceModel: SM-G991B, appium:deviceName: R5CRA1LCP0M, appium:deviceScreenDensity: 480, appium:deviceScreenSize: 1080x2400, appium:deviceUDID: R5CRA1LCP0M, appium:disableSuppressAccessibilityService: true, appium:javascriptEnabled: true, appium:locationContextEnabled: false, appium:nativeWebScreenshot: true, appium:networkConnectionEnabled: true, appium:newCommandTimeout: 0, appium:optimalHubUrl: hub-aps.browserstack.com, appium:pixelRatio: 3, appium:platformVersion: 12, appium:skipServerInstallation: true, appium:statBarHeight: 79, appium:systemPort: 8203, appium:takesScreenshot: true, appium:udid: R5CRA1LCP0M, appium:viewportRect: {height: 2097, left: 0, top: 79, width: 1080}, appium:warnings: {}, appium:webStorageEnabled: false, bstack:options: {appiumVersion: 1.17.0, hostName: DESKTOP-GO5J5M6, localIdentifier: 27_Dec_921_DESKTOP_GO5J5M6_..., seleniumVersion: 4.13.0}, goog:chromeOptions: {}, platformName: ANDROID}
Session ID: 2a9def3ee892cd40d46846f1cf91eca02496c529]]>
            </message>
            <full-stacktrace>
              <![CDATA[org.openqa.selenium.NoSuchElementException: An element could not be located on the page using the given search parameters.
For documentation on this error, please visit: https://www.selenium.dev/documentation/webdriver/troubleshooting/errors#no-such-element-exception
Build info: version: '4.13.0', revision: 'ba948ece5b*'
System info: os.name: 'Windows 11', os.arch: 'amd64', os.version: '10.0', java.version: '17.0.9'
Driver info: io.appium.java_client.android.AndroidDriver
Command: [2a9def3ee892cd40d46846f1cf91eca02496c529, findElement {using=id, value=buttonAddTrans}]
Capabilities {appium:appActivity: marcusobyrne.bankingapp.Mai..., appium:appPackage: marcusobyrne.bankingapp, appium:automationName: uiautomator2, appium:browserstack.networklogs: true, appium:build: jenkins-capstoneprojectkae-947, appium:chromedriverPort: 18083, appium:chromedriverPorts: [[18133, 18143]], appium:databaseEnabled: false, appium:desired: {appActivity: marcusobyrne.bankingapp.Mai..., appPackage: marcusobyrne.bankingapp, automationName: uiautomator2, browserstack.networklogs: true, bstack:options: {appiumVersion: 1.17.0, hostName: DESKTOP-GO5J5M6, localIdentifier: 27_Dec_921_DESKTOP_GO5J5M6_..., seleniumVersion: 4.13.0}, build: jenkins-capstoneprojectkae-947, chromedriverPort: 18083, chromedriverPorts: [[18133, 18143]], deviceName: Android, disableSuppressAccessibilityService: true, goog:chromeOptions: {}, nativeWebScreenshot: true, newCommandTimeout: 0, platformName: Android, skipServerInstallation: true, systemPort: 8203, udid: R5CRA1LCP0M}, appium:deviceApiLevel: 31, appium:deviceManufacturer: samsung, appium:deviceModel: SM-G991B, appium:deviceName: R5CRA1LCP0M, appium:deviceScreenDensity: 480, appium:deviceScreenSize: 1080x2400, appium:deviceUDID: R5CRA1LCP0M, appium:disableSuppressAccessibilityService: true, appium:javascriptEnabled: true, appium:locationContextEnabled: false, appium:nativeWebScreenshot: true, appium:networkConnectionEnabled: true, appium:newCommandTimeout: 0, appium:optimalHubUrl: hub-aps.browserstack.com, appium:pixelRatio: 3, appium:platformVersion: 12, appium:skipServerInstallation: true, appium:statBarHeight: 79, appium:systemPort: 8203, appium:takesScreenshot: true, appium:udid: R5CRA1LCP0M, appium:viewportRect: {height: 2097, left: 0, top: 79, width: 1080}, appium:warnings: {}, appium:webStorageEnabled: false, bstack:options: {appiumVersion: 1.17.0, hostName: DESKTOP-GO5J5M6, localIdentifier: 27_Dec_921_DESKTOP_GO5J5M6_..., seleniumVersion: 4.13.0}, goog:chromeOptions: {}, platformName: ANDROID}
Session ID: 2a9def3ee892cd40d46846f1cf91eca02496c529
at java.base/jdk.internal.reflect.NativeConstructorAccessorImpl.newInstance0(Native Method)
at java.base/jdk.internal.reflect.NativeConstructorAccessorImpl.newInstance(NativeConstructorAccessorImpl.java:77)
at java.base/jdk.internal.reflect.DelegatingConstructorAccessorImpl.newInstance(DelegatingConstructorAccessorImpl.java:45)
at java.base/java.lang.reflect.Constructor.newInstanceWithCaller(Constructor.java:499)
at java.base/java.lang.reflect.Constructor.newInstance(Constructor.java:480)
at org.openqa.selenium.remote.codec.w3c.W3CHttpResponseCodec.createException(W3CHttpResponseCodec.java:200)
at org.openqa.selenium.remote.codec.w3c.W3CHttpResponseCodec.decode(W3CHttpResponseCodec.java:133)
at org.openqa.selenium.remote.codec.w3c.W3CHttpResponseCodec.decode(W3CHttpResponseCodec.java:52)
at org.openqa.selenium.remote.HttpCommandExecutor.execute(HttpCommandExecutor.java:191)
at io.appium.java_client.remote.AppiumCommandExecutor.execute(AppiumCommandExecutor.java:262)
at org.openqa.selenium.remote.RemoteWebDriver.execute(RemoteWebDriver.java:602)
at org.openqa.selenium.remote.ElementLocation$ElementFinder$2.findElement(ElementLocation.java:165)
at org.openqa.selenium.remote.ElementLocation.findElement(ElementLocation.java:59)
at org.openqa.selenium.remote.RemoteWebDriver.findElement(RemoteWebDriver.java:359)
at org.openqa.selenium.remote.RemoteWebDriver.findElement(RemoteWebDriver.java:353)
at callPack.BaseMethods.clickElement(BaseMethods.java:67)
at casesPack.BAA_02.main(BAA_02.java:37)
at java.base/jdk.internal.reflect.NativeMethodAccessorImpl.invoke0(Native Method)
at java.base/jdk.internal.reflect.NativeMethodAccessorImpl.invoke(NativeMethodAccessorImpl.java:77)
at java.base/jdk.internal.reflect.DelegatingMethodAccessorImpl.invoke(DelegatingMethodAccessorImpl.java:43)
at java.base/java.lang.reflect.Method.invoke(Method.java:568)
at org.testng.internal.invokers.MethodInvocationHelper.invokeMethod(MethodInvocationHelper.java:135)
at org.testng.internal.invokers.TestInvoker.invokeMethod(TestInvoker.java:673)
at org.testng.internal.invokers.TestInvoker.invokeTestMethod(TestInvoker.java:220)
at org.testng.internal.invokers.MethodRunner.runInSequence(MethodRunner.java:50)
at org.testng.internal.invokers.TestInvoker$MethodInvocationAgent.invoke(TestInvoker.java:945)
at org.testng.internal.invokers.TestInvoker.invokeTestMethods(TestInvoker.java:193)
at org.testng.internal.invokers.TestMethodWorker.invokeTestMethods(TestMethodWorker.java:146)
at org.testng.internal.invokers.TestMethodWorker.run(TestMethodWorker.java:128)
at java.base/java.util.concurrent.ThreadPoolExecutor.runWorker(ThreadPoolExecutor.java:1136)
at java.base/java.util.concurrent.ThreadPoolExecutor$Worker.run(ThreadPoolExecutor.java:635)
at java.base/java.lang.Thread.run(Thread.java:842)
]]>
            </full-stacktrace>
          </exception> <!-- org.openqa.selenium.NoSuchElementException -->
          <reporter-output>
          </reporter-output>
        </test-method> <!-- main -->
        <test-method is-config="true" signature="afterMethod(org.testng.ITestResult)[pri:0, instance:casesPack.BAA_02@1a87b51]" started-at="2023-12-27T09:23:01 CST" name="afterMethod" finished-at="2023-12-27T09:23:01 CST" duration-ms="877" status="PASS">
          <params>
            <param index="0">
              <value>
                <![CDATA[[TestResult name=main status=FAILURE method=BAA_02.main()[pri:0, instance:casesPack.BAA_02@1a87b51] output={null}]]]>
              </value>
            </param>
          </params>
          <reporter-output>
          </reporter-output>
        </test-method> <!-- afterMethod -->
      </class> <!-- casesPack.BAA_02 -->
    </test> <!-- Capstone_Test-0 -->
  </suite> <!-- CapstoneSuite -->
</testng-results>
