<?xml version="1.0" encoding="UTF-8"?>
<!-- Generated by org.testng.reporters.JUnitReportReporter -->
<testsuite hostname="DESKTOP-GO5J5M6" failures="0" tests="1" name="casesPack.BAA_02" time="15.210" errors="1" timestamp="2023-12-27T09:20:18 CST" skipped="0">
  <testcase classname="casesPack.BAA_02" name="main" time="15.210">
    <error message="An element could not be located on the page using the given search parameters.
For documentation on this error, please visit: https://www.selenium.dev/documentation/webdriver/troubleshooting/errors#no-such-element-exception
Build info: version: &#039;4.13.0&#039;, revision: &#039;ba948ece5b*&#039;
System info: os.name: &#039;Windows 11&#039;, os.arch: &#039;amd64&#039;, os.version: &#039;10.0&#039;, java.version: &#039;17.0.9&#039;
Driver info: io.appium.java_client.android.AndroidDriver
Command: [63525924534d1692ba0d4d3c4b61890af3a09e3e, findElement {using=id, value=buttonAddTrans}]
Capabilities {appium:appActivity: marcusobyrne.bankingapp.Mai..., appium:appPackage: marcusobyrne.bankingapp, appium:automationName: uiautomator2, appium:browserstack.networklogs: true, appium:build: jenkins-capstoneprojectkae-946, appium:chromedriverPort: 18081, appium:chromedriverPorts: [[18111, 18121]], appium:databaseEnabled: false, appium:desired: {appActivity: marcusobyrne.bankingapp.Mai..., appPackage: marcusobyrne.bankingapp, automationName: uiautomator2, browserstack.networklogs: true, bstack:options: {appiumVersion: 1.17.0, hostName: DESKTOP-GO5J5M6, localIdentifier: 27_Dec_917_DESKTOP_GO5J5M6_..., seleniumVersion: 4.13.0}, build: jenkins-capstoneprojectkae-946, chromedriverPort: 18081, chromedriverPorts: [[18111, 18121]], deviceName: Android, disableSuppressAccessibilityService: true, goog:chromeOptions: {}, nativeWebScreenshot: true, newCommandTimeout: 0, platformName: Android, skipServerInstallation: true, systemPort: 8201, udid: R5CRC0W8A9X}, appium:deviceApiLevel: 31, appium:deviceManufacturer: samsung, appium:deviceModel: SM-G991B, appium:deviceName: R5CRC0W8A9X, appium:deviceScreenDensity: 480, appium:deviceScreenSize: 1080x2400, appium:deviceUDID: R5CRC0W8A9X, appium:disableSuppressAccessibilityService: true, appium:javascriptEnabled: true, appium:locationContextEnabled: false, appium:nativeWebScreenshot: true, appium:networkConnectionEnabled: true, appium:newCommandTimeout: 0, appium:optimalHubUrl: hub-aps.browserstack.com, appium:pixelRatio: 3, appium:platformVersion: 12, appium:skipServerInstallation: true, appium:statBarHeight: 79, appium:systemPort: 8201, appium:takesScreenshot: true, appium:udid: R5CRC0W8A9X, appium:viewportRect: {height: 2097, left: 0, top: 79, width: 1080}, appium:warnings: {}, appium:webStorageEnabled: false, bstack:options: {appiumVersion: 1.17.0, hostName: DESKTOP-GO5J5M6, localIdentifier: 27_Dec_917_DESKTOP_GO5J5M6_..., seleniumVersion: 4.13.0}, goog:chromeOptions: {}, platformName: ANDROID}
Session ID: 63525924534d1692ba0d4d3c4b61890af3a09e3e" type="org.openqa.selenium.NoSuchElementException">
      <![CDATA[org.openqa.selenium.NoSuchElementException: An element could not be located on the page using the given search parameters.
For documentation on this error, please visit: https://www.selenium.dev/documentation/webdriver/troubleshooting/errors#no-such-element-exception
Build info: version: '4.13.0', revision: 'ba948ece5b*'
System info: os.name: 'Windows 11', os.arch: 'amd64', os.version: '10.0', java.version: '17.0.9'
Driver info: io.appium.java_client.android.AndroidDriver
Command: [63525924534d1692ba0d4d3c4b61890af3a09e3e, findElement {using=id, value=buttonAddTrans}]
Capabilities {appium:appActivity: marcusobyrne.bankingapp.Mai..., appium:appPackage: marcusobyrne.bankingapp, appium:automationName: uiautomator2, appium:browserstack.networklogs: true, appium:build: jenkins-capstoneprojectkae-946, appium:chromedriverPort: 18081, appium:chromedriverPorts: [[18111, 18121]], appium:databaseEnabled: false, appium:desired: {appActivity: marcusobyrne.bankingapp.Mai..., appPackage: marcusobyrne.bankingapp, automationName: uiautomator2, browserstack.networklogs: true, bstack:options: {appiumVersion: 1.17.0, hostName: DESKTOP-GO5J5M6, localIdentifier: 27_Dec_917_DESKTOP_GO5J5M6_..., seleniumVersion: 4.13.0}, build: jenkins-capstoneprojectkae-946, chromedriverPort: 18081, chromedriverPorts: [[18111, 18121]], deviceName: Android, disableSuppressAccessibilityService: true, goog:chromeOptions: {}, nativeWebScreenshot: true, newCommandTimeout: 0, platformName: Android, skipServerInstallation: true, systemPort: 8201, udid: R5CRC0W8A9X}, appium:deviceApiLevel: 31, appium:deviceManufacturer: samsung, appium:deviceModel: SM-G991B, appium:deviceName: R5CRC0W8A9X, appium:deviceScreenDensity: 480, appium:deviceScreenSize: 1080x2400, appium:deviceUDID: R5CRC0W8A9X, appium:disableSuppressAccessibilityService: true, appium:javascriptEnabled: true, appium:locationContextEnabled: false, appium:nativeWebScreenshot: true, appium:networkConnectionEnabled: true, appium:newCommandTimeout: 0, appium:optimalHubUrl: hub-aps.browserstack.com, appium:pixelRatio: 3, appium:platformVersion: 12, appium:skipServerInstallation: true, appium:statBarHeight: 79, appium:systemPort: 8201, appium:takesScreenshot: true, appium:udid: R5CRC0W8A9X, appium:viewportRect: {height: 2097, left: 0, top: 79, width: 1080}, appium:warnings: {}, appium:webStorageEnabled: false, bstack:options: {appiumVersion: 1.17.0, hostName: DESKTOP-GO5J5M6, localIdentifier: 27_Dec_917_DESKTOP_GO5J5M6_..., seleniumVersion: 4.13.0}, goog:chromeOptions: {}, platformName: ANDROID}
Session ID: 63525924534d1692ba0d4d3c4b61890af3a09e3e
at java.base/jdk.internal.reflect.NativeConstructorAccessorImpl.newInstance0(Native Method)
at java.base/jdk.internal.reflect.NativeConstructorAccessorImpl.newInstance(NativeConstructorAccessorImpl.java:77)
at java.base/jdk.internal.reflect.DelegatingConstructorAccessorImpl.newInstance(DelegatingConstructorAccessorImpl.java:45)
at java.base/java.lang.reflect.Constructor.newInstanceWithCaller(Constructor.java:499)
at java.base/java.lang.reflect.Constructor.newInstance(Constructor.java:480)
at org.openqa.selenium.remote.codec.w3c.W3CHttpResponseCodec.createException(W3CHttpResponseCodec.java:200)
at org.openqa.selenium.remote.codec.w3c.W3CHttpResponseCodec.decode(W3CHttpResponseCodec.java:133)
at org.openqa.selenium.remote.codec.w3c.W3CHttpResponseCodec.decode(W3CHttpResponseCodec.java:52)
at org.openqa.selenium.remote.HttpCommandExecutor.execute(HttpCommandExecutor.java:191)
at io.appium.java_client.remote.AppiumCommandExecutor.execute(AppiumCommandExecutor.java:262)
at org.openqa.selenium.remote.RemoteWebDriver.execute(RemoteWebDriver.java:602)
at org.openqa.selenium.remote.ElementLocation$ElementFinder$2.findElement(ElementLocation.java:165)
at org.openqa.selenium.remote.ElementLocation.findElement(ElementLocation.java:59)
at org.openqa.selenium.remote.RemoteWebDriver.findElement(RemoteWebDriver.java:359)
at org.openqa.selenium.remote.RemoteWebDriver.findElement(RemoteWebDriver.java:353)
at callPack.BaseMethods.clickElement(BaseMethods.java:67)
at casesPack.BAA_02.main(BAA_02.java:37)
at java.base/jdk.internal.reflect.NativeMethodAccessorImpl.invoke0(Native Method)
at java.base/jdk.internal.reflect.NativeMethodAccessorImpl.invoke(NativeMethodAccessorImpl.java:77)
at java.base/jdk.internal.reflect.DelegatingMethodAccessorImpl.invoke(DelegatingMethodAccessorImpl.java:43)
at java.base/java.lang.reflect.Method.invoke(Method.java:568)
at org.testng.internal.invokers.MethodInvocationHelper.invokeMethod(MethodInvocationHelper.java:135)
at org.testng.internal.invokers.TestInvoker.invokeMethod(TestInvoker.java:673)
at org.testng.internal.invokers.TestInvoker.invokeTestMethod(TestInvoker.java:220)
at org.testng.internal.invokers.MethodRunner.runInSequence(MethodRunner.java:50)
at org.testng.internal.invokers.TestInvoker$MethodInvocationAgent.invoke(TestInvoker.java:945)
at org.testng.internal.invokers.TestInvoker.invokeTestMethods(TestInvoker.java:193)
at org.testng.internal.invokers.TestMethodWorker.invokeTestMethods(TestMethodWorker.java:146)
at org.testng.internal.invokers.TestMethodWorker.run(TestMethodWorker.java:128)
at java.base/java.util.concurrent.ThreadPoolExecutor.runWorker(ThreadPoolExecutor.java:1136)
at java.base/java.util.concurrent.ThreadPoolExecutor$Worker.run(ThreadPoolExecutor.java:635)
at java.base/java.lang.Thread.run(Thread.java:842)
]]>
    </error>
  </testcase> <!-- main -->
  <system-out/>
</testsuite> <!-- casesPack.BAA_02 -->
